{"numFailedTestSuites":1,"numFailedTests":1,"numPassedTestSuites":15,"numPassedTests":41,"numPendingTestSuites":0,"numPendingTests":0,"numRuntimeErrorTestSuites":0,"numTodoTests":0,"numTotalTestSuites":16,"numTotalTests":42,"openHandles":[],"snapshot":{"added":0,"didUpdate":false,"failure":false,"filesAdded":0,"filesRemoved":0,"filesRemovedList":[],"filesUnmatched":0,"filesUpdated":0,"matched":0,"total":0,"unchecked":0,"uncheckedKeysByFile":[],"unmatched":0,"updated":0},"startTime":1772657032798,"success":false,"testResults":[{"assertionResults":[{"ancestorTitles":["sanitization"],"duration":4,"failing":false,"failureDetails":[{"matcherResult":{"message":"\u001b[2mexpect(\u001b[22m\u001b[31mreceived\u001b[39m\u001b[2m).\u001b[22mtoContain\u001b[2m(\u001b[22m\u001b[32mexpected\u001b[39m\u001b[2m) // indexOf\u001b[22m\n\nExpected substring: \u001b[32m\"avaliação estética\"\u001b[39m\nReceived string:    \u001b[31m\"diagnóstico com queda acentuada percebida e sensibilidade aparente. melhora est�tica percebida em andamento.\"\u001b[39m","pass":false}}],"failureMessages":["Error: \u001b[2mexpect(\u001b[22m\u001b[31mreceived\u001b[39m\u001b[2m).\u001b[22mtoContain\u001b[2m(\u001b[22m\u001b[32mexpected\u001b[39m\u001b[2m) // indexOf\u001b[22m\n\nExpected substring: \u001b[32m\"avaliação estética\"\u001b[39m\nReceived string:    \u001b[31m\"diagnóstico com queda acentuada percebida e sensibilidade aparente. melhora est�tica percebida em andamento.\"\u001b[39m\n    at Object.<anonymous> (D:\\Projeto Hair Analysis System\\Projeto SaaS\\Hair Analysis System\\backend\\src\\common\\middleware\\sanitization.spec.ts:25:18)\n    at Promise.finally.completed (D:\\Projeto Hair Analysis System\\Projeto SaaS\\Hair Analysis System\\backend\\node_modules\\jest-circus\\build\\jestAdapterInit.js:1557:28)\n    at new Promise (<anonymous>)\n    at callAsyncCircusFn (D:\\Projeto Hair Analysis System\\Projeto SaaS\\Hair Analysis System\\backend\\node_modules\\jest-circus\\build\\jestAdapterInit.js:1497:10)\n    at _callCircusTest (D:\\Projeto Hair Analysis System\\Projeto SaaS\\Hair Analysis System\\backend\\node_modules\\jest-circus\\build\\jestAdapterInit.js:1007:40)\n    at _runTest (D:\\Projeto Hair Analysis System\\Projeto SaaS\\Hair Analysis System\\backend\\node_modules\\jest-circus\\build\\jestAdapterInit.js:947:3)\n    at D:\\Projeto Hair Analysis System\\Projeto SaaS\\Hair Analysis System\\backend\\node_modules\\jest-circus\\build\\jestAdapterInit.js:849:7\n    at _runTestsForDescribeBlock (D:\\Projeto Hair Analysis System\\Projeto SaaS\\Hair Analysis System\\backend\\node_modules\\jest-circus\\build\\jestAdapterInit.js:862:11)\n    at _runTestsForDescribeBlock (D:\\Projeto Hair Analysis System\\Projeto SaaS\\Hair Analysis System\\backend\\node_modules\\jest-circus\\build\\jestAdapterInit.js:857:11)\n    at run (D:\\Projeto Hair Analysis System\\Projeto SaaS\\Hair Analysis System\\backend\\node_modules\\jest-circus\\build\\jestAdapterInit.js:761:3)\n    at runAndTransformResultsToJestFormat (D:\\Projeto Hair Analysis System\\Projeto SaaS\\Hair Analysis System\\backend\\node_modules\\jest-circus\\build\\jestAdapterInit.js:1918:21)\n    at jestAdapter (D:\\Projeto Hair Analysis System\\Projeto SaaS\\Hair Analysis System\\backend\\node_modules\\jest-circus\\build\\runner.js:101:19)\n    at runTestInternal (D:\\Projeto Hair Analysis System\\Projeto SaaS\\Hair Analysis System\\backend\\node_modules\\jest-runner\\build\\index.js:275:16)\n    at runTest (D:\\Projeto Hair Analysis System\\Projeto SaaS\\Hair Analysis System\\backend\\node_modules\\jest-runner\\build\\index.js:343:7)"],"fullName":"sanitization replaces restricted terms with aesthetic-safe terms","invocations":1,"location":null,"numPassingAsserts":1,"retryReasons":[],"startAt":1772657033276,"status":"failed","title":"replaces restricted terms with aesthetic-safe terms"}],"endTime":1772657033297,"message":"\u001b[1m\u001b[31m  \u001b[1m● \u001b[22m\u001b[1msanitization › replaces restricted terms with aesthetic-safe terms\u001b[39m\u001b[22m\n\n    \u001b[2mexpect(\u001b[22m\u001b[31mreceived\u001b[39m\u001b[2m).\u001b[22mtoContain\u001b[2m(\u001b[22m\u001b[32mexpected\u001b[39m\u001b[2m) // indexOf\u001b[22m\n\n    Expected substring: \u001b[32m\"avaliação estética\"\u001b[39m\n    Received string:    \u001b[31m\"diagnóstico com queda acentuada percebida e sensibilidade aparente. melhora est�tica percebida em andamento.\"\u001b[39m\n\u001b[2m\u001b[22m\n\u001b[2m    \u001b[0m \u001b[90m 23 |\u001b[39m     expect(next)\u001b[33m.\u001b[39mtoHaveBeenCalled()\u001b[33m;\u001b[39m\u001b[22m\n\u001b[2m     \u001b[90m 24 |\u001b[39m     \u001b[36mconst\u001b[39m text \u001b[33m=\u001b[39m \u001b[33mString\u001b[39m(payloads[\u001b[35m0\u001b[39m]\u001b[33m.\u001b[39mtext)\u001b[33m.\u001b[39mtoLowerCase()\u001b[33m;\u001b[39m\u001b[22m\n\u001b[2m    \u001b[31m\u001b[1m>\u001b[22m\u001b[2m\u001b[39m\u001b[90m 25 |\u001b[39m     expect(text)\u001b[33m.\u001b[39mtoContain(\u001b[32m'avaliação estética'\u001b[39m)\u001b[33m;\u001b[39m\u001b[22m\n\u001b[2m     \u001b[90m    |\u001b[39m                  \u001b[31m\u001b[1m^\u001b[22m\u001b[2m\u001b[39m\u001b[22m\n\u001b[2m     \u001b[90m 26 |\u001b[39m     expect(text)\u001b[33m.\u001b[39mtoContain(\u001b[32m'queda acentuada percebida'\u001b[39m)\u001b[33m;\u001b[39m\u001b[22m\n\u001b[2m     \u001b[90m 27 |\u001b[39m     expect(text)\u001b[33m.\u001b[39mtoContain(\u001b[32m'sensibilidade aparente'\u001b[39m)\u001b[33m;\u001b[39m\u001b[22m\n\u001b[2m     \u001b[90m 28 |\u001b[39m     expect(text)\u001b[33m.\u001b[39mtoContain(\u001b[32m'cuidado estético'\u001b[39m)\u001b[33m;\u001b[39m\u001b[0m\u001b[22m\n\u001b[2m\u001b[22m\n\u001b[2m      \u001b[2mat Object.<anonymous> (\u001b[22m\u001b[2m\u001b[0m\u001b[36msrc/common/middleware/sanitization.spec.ts\u001b[39m\u001b[0m\u001b[2m:25:18)\u001b[22m\u001b[2m\u001b[22m\n","name":"D:\\Projeto Hair Analysis System\\Projeto SaaS\\Hair Analysis System\\backend\\src\\common\\middleware\\sanitization.spec.ts","startTime":1772657033099,"status":"failed","summary":""},{"assertionResults":[{"ancestorTitles":["VisionController - governança tricológica"],"duration":5,"failing":false,"failureDetails":[],"failureMessages":[],"fullName":"VisionController - governança tricológica deve remover recomendações de alisamento no modo tricológico durante process","invocations":1,"location":null,"numPassingAsserts":6,"retryReasons":[],"startAt":1772657035004,"status":"passed","title":"deve remover recomendações de alisamento no modo tricológico durante process"},{"ancestorTitles":["VisionController - governança tricológica"],"duration":1,"failing":false,"failureDetails":[],"failureMessages":[],"fullName":"VisionController - governança tricológica deve aplicar governança tricológica removendo alisamentos e alertando","invocations":1,"location":null,"numPassingAsserts":4,"retryReasons":[],"startAt":1772657035010,"status":"passed","title":"deve aplicar governança tricológica removendo alisamentos e alertando"},{"ancestorTitles":["VisionController - governança tricológica"],"duration":1,"failing":false,"failureDetails":[],"failureMessages":[],"fullName":"VisionController - governança tricológica deve aceitar analysisType geral e repassar ao service","invocations":1,"location":null,"numPassingAsserts":2,"retryReasons":[],"startAt":1772657035012,"status":"passed","title":"deve aceitar analysisType geral e repassar ao service"},{"ancestorTitles":["VisionController - governança tricológica"],"duration":1,"failing":false,"failureDetails":[],"failureMessages":[],"fullName":"VisionController - governança tricológica deve rejeitar analysisType inválido","invocations":1,"location":null,"numPassingAsserts":1,"retryReasons":[],"startAt":1772657035014,"status":"passed","title":"deve rejeitar analysisType inválido"}],"endTime":1772657035016,"message":"","name":"D:\\Projeto Hair Analysis System\\Projeto SaaS\\Hair Analysis System\\backend\\src\\modules\\vision\\vision.controller.spec.ts","startTime":1772657033307,"status":"passed","summary":""},{"assertionResults":[{"ancestorTitles":["deterministic-score"],"duration":2,"failing":false,"failureDetails":[],"failureMessages":[],"fullName":"deterministic-score keeps deterministic score for identical input","invocations":1,"location":null,"numPassingAsserts":3,"retryReasons":[],"startAt":1772657035220,"status":"passed","title":"keeps deterministic score for identical input"}],"endTime":1772657035223,"message":"","name":"D:\\Projeto Hair Analysis System\\Projeto SaaS\\Hair Analysis System\\backend\\src\\modules\\analysis-engine\\deterministic-score.spec.ts","startTime":1772657035028,"status":"passed","summary":""},{"assertionResults":[{"ancestorTitles":["AuthService - profissionais"],"duration":2,"failing":false,"failureDetails":[],"failureMessages":[],"fullName":"AuthService - profissionais atualiza profissional do mesmo salão com novo nome e senha","invocations":1,"location":null,"numPassingAsserts":7,"retryReasons":[],"startAt":1772657035609,"status":"passed","title":"atualiza profissional do mesmo salão com novo nome e senha"},{"ancestorTitles":["AuthService - profissionais"],"duration":1,"failing":false,"failureDetails":[],"failureMessages":[],"fullName":"AuthService - profissionais lança NotFound quando profissional não pertence ao salão","invocations":1,"location":null,"numPassingAsserts":1,"retryReasons":[],"startAt":1772657035611,"status":"passed","title":"lança NotFound quando profissional não pertence ao salão"},{"ancestorTitles":["AuthService - profissionais"],"duration":1,"failing":false,"failureDetails":[],"failureMessages":[],"fullName":"AuthService - profissionais exclui profissional do salão","invocations":1,"location":null,"numPassingAsserts":4,"retryReasons":[],"startAt":1772657035612,"status":"passed","title":"exclui profissional do salão"},{"ancestorTitles":["AuthService - profissionais"],"duration":0,"failing":false,"failureDetails":[],"failureMessages":[],"fullName":"AuthService - profissionais valida uniqueness de email ao atualizar","invocations":1,"location":null,"numPassingAsserts":1,"retryReasons":[],"startAt":1772657035614,"status":"passed","title":"valida uniqueness de email ao atualizar"}],"endTime":1772657035615,"message":"","name":"D:\\Projeto Hair Analysis System\\Projeto SaaS\\Hair Analysis System\\backend\\src\\modules\\auth\\auth.service.spec.ts","startTime":1772657035230,"status":"passed","summary":""},{"assertionResults":[{"ancestorTitles":["AppController","root"],"duration":9,"failing":false,"failureDetails":[],"failureMessages":[],"fullName":"AppController root should return \"Hello World!\"","invocations":1,"location":null,"numPassingAsserts":1,"retryReasons":[],"startAt":1772657035872,"status":"passed","title":"should return \"Hello World!\""}],"endTime":1772657035883,"message":"","name":"D:\\Projeto Hair Analysis System\\Projeto SaaS\\Hair Analysis System\\backend\\src\\app.controller.spec.ts","startTime":1772657035625,"status":"passed","summary":""},{"assertionResults":[{"ancestorTitles":["KnowledgeService"],"duration":2,"failing":false,"failureDetails":[],"failureMessages":[],"fullName":"KnowledgeService returns semantic search ordered by similarity and scoped by salon/domain","invocations":1,"location":null,"numPassingAsserts":4,"retryReasons":[],"startAt":1772657036171,"status":"passed","title":"returns semantic search ordered by similarity and scoped by salon/domain"},{"ancestorTitles":["KnowledgeService"],"duration":1,"failing":false,"failureDetails":[],"failureMessages":[],"fullName":"KnowledgeService ingests text and generates embeddings from actual chunk text","invocations":1,"location":null,"numPassingAsserts":4,"retryReasons":[],"startAt":1772657036174,"status":"passed","title":"ingests text and generates embeddings from actual chunk text"},{"ancestorTitles":["KnowledgeService"],"duration":0,"failing":false,"failureDetails":[],"failureMessages":[],"fullName":"KnowledgeService throws validation error for empty semantic search query","invocations":1,"location":null,"numPassingAsserts":1,"retryReasons":[],"startAt":1772657036176,"status":"passed","title":"throws validation error for empty semantic search query"},{"ancestorTitles":["KnowledgeService"],"duration":0,"failing":false,"failureDetails":[],"failureMessages":[],"fullName":"KnowledgeService filters out semantic results below minimum similarity threshold","invocations":1,"location":null,"numPassingAsserts":1,"retryReasons":[],"startAt":1772657036177,"status":"passed","title":"filters out semantic results below minimum similarity threshold"},{"ancestorTitles":["KnowledgeService"],"duration":1,"failing":false,"failureDetails":[],"failureMessages":[],"fullName":"KnowledgeService throws validation error for ingestText with whitespace-only content","invocations":1,"location":null,"numPassingAsserts":1,"retryReasons":[],"startAt":1772657036177,"status":"passed","title":"throws validation error for ingestText with whitespace-only content"},{"ancestorTitles":["KnowledgeService"],"duration":1,"failing":false,"failureDetails":[],"failureMessages":[],"fullName":"KnowledgeService uses latin1 fallback decoding for txt files with invalid utf8 bytes","invocations":1,"location":null,"numPassingAsserts":1,"retryReasons":[],"startAt":1772657036178,"status":"passed","title":"uses latin1 fallback decoding for txt files with invalid utf8 bytes"},{"ancestorTitles":["KnowledgeService"],"duration":10,"failing":false,"failureDetails":[],"failureMessages":[],"fullName":"KnowledgeService throws friendly error when PDF parsing fails","invocations":1,"location":null,"numPassingAsserts":1,"retryReasons":[],"startAt":1772657036180,"status":"passed","title":"throws friendly error when PDF parsing fails"},{"ancestorTitles":["KnowledgeService"],"duration":1,"failing":false,"failureDetails":[],"failureMessages":[],"fullName":"KnowledgeService throws friendly error when DOCX parsing fails","invocations":1,"location":null,"numPassingAsserts":1,"retryReasons":[],"startAt":1772657036191,"status":"passed","title":"throws friendly error when DOCX parsing fails"}],"endTime":1772657036193,"message":"","name":"D:\\Projeto Hair Analysis System\\Projeto SaaS\\Hair Analysis System\\backend\\src\\modules\\knowledge\\knowledge.service.spec.ts","startTime":1772657035913,"status":"passed","summary":""},{"assertionResults":[{"ancestorTitles":["HistoryService - governança de modos"],"duration":4,"failing":false,"failureDetails":[],"failureMessages":[],"fullName":"HistoryService - governança de modos deve bloquear alisamentos em análise tricológica","invocations":1,"location":null,"numPassingAsserts":6,"retryReasons":[],"startAt":1772657036490,"status":"passed","title":"deve bloquear alisamentos em análise tricológica"},{"ancestorTitles":["HistoryService - governança de modos"],"duration":1,"failing":false,"failureDetails":[],"failureMessages":[],"fullName":"HistoryService - governança de modos deve sanitizar termos clínicos em alerta profissional","invocations":1,"location":null,"numPassingAsserts":5,"retryReasons":[],"startAt":1772657036494,"status":"passed","title":"deve sanitizar termos clínicos em alerta profissional"},{"ancestorTitles":["HistoryService - governança de modos"],"duration":1,"failing":false,"failureDetails":[],"failureMessages":[],"fullName":"HistoryService - governança de modos não deve manter alisamento detalhado quando estiver restrito","invocations":1,"location":null,"numPassingAsserts":2,"retryReasons":[],"startAt":1772657036496,"status":"passed","title":"não deve manter alisamento detalhado quando estiver restrito"}],"endTime":1772657036497,"message":"","name":"D:\\Projeto Hair Analysis System\\Projeto SaaS\\Hair Analysis System\\backend\\src\\modules\\history\\history.service.spec.ts","startTime":1772657036201,"status":"passed","summary":""},{"assertionResults":[{"ancestorTitles":["VisionService"],"duration":2,"failing":false,"failureDetails":[],"failureMessages":[],"fullName":"VisionService must fail when score is manually altered against deterministic score","invocations":1,"location":null,"numPassingAsserts":1,"retryReasons":[],"startAt":1772657036831,"status":"passed","title":"must fail when score is manually altered against deterministic score"},{"ancestorTitles":["VisionService"],"duration":2,"failing":false,"failureDetails":[],"failureMessages":[],"fullName":"VisionService must persist deterministic score and legal audit payload","invocations":1,"location":null,"numPassingAsserts":1,"retryReasons":[],"startAt":1772657036835,"status":"passed","title":"must persist deterministic score and legal audit payload"}],"endTime":1772657036838,"message":"","name":"D:\\Projeto Hair Analysis System\\Projeto SaaS\\Hair Analysis System\\backend\\src\\modules\\vision\\vision.service.spec.ts","startTime":1772657036505,"status":"passed","summary":""},{"assertionResults":[{"ancestorTitles":["analysis-engine"],"duration":1,"failing":false,"failureDetails":[],"failureMessages":[],"fullName":"analysis-engine calculates deterministic result for complete input","invocations":1,"location":null,"numPassingAsserts":5,"retryReasons":[],"startAt":1772657037000,"status":"passed","title":"calculates deterministic result for complete input"},{"ancestorTitles":["analysis-engine"],"duration":1,"failing":false,"failureDetails":[],"failureMessages":[],"fullName":"analysis-engine blocks aptitude when confidence is below legal threshold","invocations":1,"location":null,"numPassingAsserts":3,"retryReasons":[],"startAt":1772657037002,"status":"passed","title":"blocks aptitude when confidence is below legal threshold"},{"ancestorTitles":["analysis-engine"],"duration":1,"failing":false,"failureDetails":[],"failureMessages":[],"fullName":"analysis-engine blocks straightening aptitude in trichological mode","invocations":1,"location":null,"numPassingAsserts":2,"retryReasons":[],"startAt":1772657037003,"status":"passed","title":"blocks straightening aptitude in trichological mode"},{"ancestorTitles":["analysis-engine"],"duration":0,"failing":false,"failureDetails":[],"failureMessages":[],"fullName":"analysis-engine supports service usage in Nest providers","invocations":1,"location":null,"numPassingAsserts":1,"retryReasons":[],"startAt":1772657037004,"status":"passed","title":"supports service usage in Nest providers"},{"ancestorTitles":["analysis-engine"],"duration":0,"failing":false,"failureDetails":[],"failureMessages":[],"fullName":"analysis-engine is mathematically repeatable for identical input","invocations":1,"location":null,"numPassingAsserts":1,"retryReasons":[],"startAt":1772657037005,"status":"passed","title":"is mathematically repeatable for identical input"}],"endTime":1772657037006,"message":"","name":"D:\\Projeto Hair Analysis System\\Projeto SaaS\\Hair Analysis System\\backend\\src\\modules\\analysis-engine\\analysis-engine.service.spec.ts","startTime":1772657036849,"status":"passed","summary":""},{"assertionResults":[{"ancestorTitles":["runHairAnalysisPremiumAI"],"duration":14,"failing":false,"failureDetails":[],"failureMessages":[],"fullName":"runHairAnalysisPremiumAI sends response_format json_object in premium requests","invocations":1,"location":null,"numPassingAsserts":1,"retryReasons":[],"startAt":1772657037069,"status":"passed","title":"sends response_format json_object in premium requests"},{"ancestorTitles":["runAestheticDecisionAI"],"duration":1,"failing":false,"failureDetails":[],"failureMessages":[],"fullName":"runAestheticDecisionAI usa response_format json_object e valida resposta estética","invocations":1,"location":null,"numPassingAsserts":4,"retryReasons":[],"startAt":1772657037084,"status":"passed","title":"usa response_format json_object e valida resposta estética"},{"ancestorTitles":["runAestheticDecisionAI"],"duration":12,"failing":false,"failureDetails":[],"failureMessages":[],"fullName":"runAestheticDecisionAI lança erro quando índice de risco é inválido","invocations":1,"location":null,"numPassingAsserts":1,"retryReasons":[],"startAt":1772657037086,"status":"passed","title":"lança erro quando índice de risco é inválido"}],"endTime":1772657037099,"message":"","name":"D:\\Projeto Hair Analysis System\\Projeto SaaS\\Hair Analysis System\\backend\\src\\modules\\ai\\ai.adapter.spec.ts","startTime":1772657037025,"status":"passed","summary":""},{"assertionResults":[{"ancestorTitles":["buildHairAnalysisPremiumPrompt"],"duration":2,"failing":false,"failureDetails":[],"failureMessages":[],"fullName":"buildHairAnalysisPremiumPrompt includes full straightening technical criteria in catalog section","invocations":1,"location":null,"numPassingAsserts":15,"retryReasons":[],"startAt":1772657037141,"status":"passed","title":"includes full straightening technical criteria in catalog section"}],"endTime":1772657037144,"message":"","name":"D:\\Projeto Hair Analysis System\\Projeto SaaS\\Hair Analysis System\\backend\\src\\modules\\ai\\builders\\build-hair-analysis-premium.prompt.spec.ts","startTime":1772657037111,"status":"passed","summary":""},{"assertionResults":[{"ancestorTitles":["aptitude-block-trichology"],"duration":1,"failing":false,"failureDetails":[],"failureMessages":[],"fullName":"aptitude-block-trichology blocks straightening aptitude in trichological mode","invocations":1,"location":null,"numPassingAsserts":3,"retryReasons":[],"startAt":1772657037179,"status":"passed","title":"blocks straightening aptitude in trichological mode"}],"endTime":1772657037180,"message":"","name":"D:\\Projeto Hair Analysis System\\Projeto SaaS\\Hair Analysis System\\backend\\src\\modules\\analysis-engine\\aptitude-block-trichology.spec.ts","startTime":1772657037149,"status":"passed","summary":""},{"assertionResults":[{"ancestorTitles":["legalTermsSanitizerMiddleware"],"duration":1,"failing":false,"failureDetails":[],"failureMessages":[],"fullName":"legalTermsSanitizerMiddleware sanitizes forbidden clinical terms","invocations":1,"location":null,"numPassingAsserts":7,"retryReasons":[],"startAt":1772657037222,"status":"passed","title":"sanitizes forbidden clinical terms"}],"endTime":1772657037224,"message":"","name":"D:\\Projeto Hair Analysis System\\Projeto SaaS\\Hair Analysis System\\backend\\src\\common\\middleware\\legal-terms-sanitizer.middleware.spec.ts","startTime":1772657037186,"status":"passed","summary":""},{"assertionResults":[{"ancestorTitles":["calculateSic"],"duration":0,"failing":false,"failureDetails":[],"failureMessages":[],"fullName":"calculateSic aplica pesos e não penaliza quando condições são saudáveis","invocations":1,"location":null,"numPassingAsserts":1,"retryReasons":[],"startAt":1772657037272,"status":"passed","title":"aplica pesos e não penaliza quando condições são saudáveis"},{"ancestorTitles":["calculateSic"],"duration":0,"failing":false,"failureDetails":[],"failureMessages":[],"fullName":"calculateSic aplica penalidade uma única vez quando algum critério é crítico","invocations":1,"location":null,"numPassingAsserts":1,"retryReasons":[],"startAt":1772657037273,"status":"passed","title":"aplica penalidade uma única vez quando algum critério é crítico"},{"ancestorTitles":["calculateSic"],"duration":0,"failing":false,"failureDetails":[],"failureMessages":[],"fullName":"calculateSic clampa para 100 quando valores altos excedem limite e arredonda 2 casas","invocations":1,"location":null,"numPassingAsserts":1,"retryReasons":[],"startAt":1772657037274,"status":"passed","title":"clampa para 100 quando valores altos excedem limite e arredonda 2 casas"},{"ancestorTitles":["calculateSic"],"duration":1,"failing":false,"failureDetails":[],"failureMessages":[],"fullName":"calculateSic classifica corretamente faixas típicas sem penalidade","invocations":1,"location":null,"numPassingAsserts":5,"retryReasons":[],"startAt":1772657037274,"status":"passed","title":"classifica corretamente faixas típicas sem penalidade"},{"ancestorTitles":["calculateSic"],"duration":0,"failing":false,"failureDetails":[],"failureMessages":[],"fullName":"calculateSic considera quimicas_incompativeis > 3 para penalidade mesmo com demais variáveis altas","invocations":1,"location":null,"numPassingAsserts":1,"retryReasons":[],"startAt":1772657037275,"status":"passed","title":"considera quimicas_incompativeis > 3 para penalidade mesmo com demais variáveis altas"}],"endTime":1772657037276,"message":"","name":"D:\\Projeto Hair Analysis System\\Projeto SaaS\\Hair Analysis System\\backend\\src\\modules\\ai\\utils\\sic-calculator.spec.ts","startTime":1772657037230,"status":"passed","summary":""},{"assertionResults":[{"ancestorTitles":["aptitude.engine - baixa confiabilidade"],"duration":0,"failing":false,"failureDetails":[],"failureMessages":[],"fullName":"aptitude.engine - baixa confiabilidade bloqueia aptidão quando confidence < limiar, independentemente do score","invocations":1,"location":null,"numPassingAsserts":3,"retryReasons":[],"startAt":1772657037309,"status":"passed","title":"bloqueia aptidão quando confidence < limiar, independentemente do score"}],"endTime":1772657037310,"message":"","name":"D:\\Projeto Hair Analysis System\\Projeto SaaS\\Hair Analysis System\\backend\\src\\modules\\analysis-engine\\aptitude.low-confidence.spec.ts","startTime":1772657037281,"status":"passed","summary":""},{"assertionResults":[{"ancestorTitles":["buildVisionImageAnalysisPrompt"],"duration":1,"failing":false,"failureDetails":[],"failureMessages":[],"fullName":"buildVisionImageAnalysisPrompt enforces trichological mode constraints and anti-injection safeguards","invocations":1,"location":null,"numPassingAsserts":8,"retryReasons":[],"startAt":1772657037347,"status":"passed","title":"enforces trichological mode constraints and anti-injection safeguards"}],"endTime":1772657037349,"message":"","name":"D:\\Projeto Hair Analysis System\\Projeto SaaS\\Hair Analysis System\\backend\\src\\modules\\ai\\builders\\build-vision-image-analysis.prompt.spec.ts","startTime":1772657037315,"status":"passed","summary":""}],"wasInterrupted":false}
